================== ASTRAL ===================== 

This is ASTRAL version 5.7.7
Gene trees are treated as unrooted
2419 trees read from all_gene_trees_2419.tre
index0
All output trees will be *arbitrarily* rooted at A_arboreum_153

======== Running the main analysis
Number of taxa: 21 (21 species)
Taxa: [A_arboreum_153, A_balsamiferum_TM178, A_canariense_TM189, A_nobile_TM191, A_davidbramwellii_TM2021, A_gorgoneum_TM185, A_stuessyi_TM2031, A_ciliatum_135, A_urbicum_TM2001, A_volkerii_TM194, Aeo_haworthii, A_cuneatum_134, A_goochiae_TM184, A_sedifolium_TM187, A_lindleyi_TM190, A_saundersii_merged, Aeo_glutinosum, A_valverdense_TM2131, A_leucoblepharu, Aeo_korneliuslemsii, Mon_mura_111]
Taxon occupancy: {A_nobile_TM191=803, A_stuessyi_TM2031=1633, A_canariense_TM189=843, Aeo_glutinosum=931, A_valverdense_TM2131=1418, A_cuneatum_134=1197, Mon_mura_111=122, A_lindleyi_TM190=620, A_saundersii_merged=941, A_sedifolium_TM187=658, Aeo_haworthii=1394, A_volkerii_TM194=1066, A_ciliatum_135=1405, A_gorgoneum_TM185=666, A_davidbramwellii_TM2021=1181, A_balsamiferum_TM178=754, Aeo_korneliuslemsii=1106, A_arboreum_153=1118, A_leucoblepharu=1115, A_goochiae_TM184=574, A_urbicum_TM2001=1516}
Number of gene trees: 2419
2412 trees have missing taxa
Calculating quartet distance matrix (for completion of X)
Species tree distances calculated ...
Will attempt to complete bipartitions from X before adding using a distance matrix.
Building set of clusters (X) from gene trees 
------------------------------
gradient0: 4623
Number of Clusters after addition by distance: 4623
calculating extra bipartitions to be added at level 1 ...
Adding to X using resolutions of greedy consensus ...
Limit for sigma of degrees:575
polytomy size limit : 3
discarded polytomies:  []
Threshold 0.0:
Threshold 0.01:
Threshold 0.02:
Threshold 0.05:
Threshold 0.1:
Threshold 0.2:
Threshold 0.3333333333333333:
max k is :0
Number of Clusters after addition by greedy: 4623
gradient0 in heuristiic: 4623
partitions formed in 0.626 secs
Dynamic Programming starting after 0.626 secs
Using tree-based weight calculation.
Using polytree-based weight calculation.
Polytree max score: 1288657
Polytree building time: 0.061 seconds.
Number of quartet trees in the gene trees: 1288657
Size of largest cluster: 21
Greedy score: 559752
estimationFactor: 2.3021927567922935
Sub-optimal score: 668558
Total Number of elements weighted: 37096
Normalized score (portion of input quartet trees satisfied before correcting for multiple individuals): 0.6185571490318991
Optimization score: 797108
Optimal tree inferred in 14.628 secs.
(A_davidbramwellii_TM2021,((Aeo_haworthii,(A_urbicum_TM2001,(A_ciliatum_135,A_volkerii_TM194))),(A_valverdense_TM2131,(A_nobile_TM191,((Aeo_glutinosum,(A_canariense_TM189,A_cuneatum_134)),(((A_sedifolium_TM187,A_saundersii_merged),(Mon_mura_111,(A_goochiae_TM184,A_lindleyi_TM190))),((A_gorgoneum_TM185,(A_stuessyi_TM2031,A_leucoblepharu)),(A_balsamiferum_TM178,(A_arboreum_153,Aeo_korneliuslemsii)))))))));
Final quartet score is: 797108
Final normalized quartet score is: 0.6185571490318991
Extended species tree:
(A_arboreum_153,(Aeo_korneliuslemsii,(A_balsamiferum_TM178,((A_gorgoneum_TM185,(A_stuessyi_TM2031,A_leucoblepharu)0.67:0.04140183420105119)1:0.2515003565922507,(((A_sedifolium_TM187,A_saundersii_merged)1:0.16294045620301306,(Mon_mura_111,(A_goochiae_TM184,A_lindleyi_TM190)1:1.4677740706543891)0.63:0.07067275703338496)1:0.5938435957339435,((Aeo_glutinosum,(A_canariense_TM189,A_cuneatum_134)0.95:0.09178105157440875)1:0.2798843477636087,(A_nobile_TM191,(A_valverdense_TM2131,((Aeo_haworthii,(A_urbicum_TM2001,(A_ciliatum_135,A_volkerii_TM194)1:0.09768764985752253)1:0.14800582754101912)1:0.13832617842998599,A_davidbramwellii_TM2021)1:0.16272862004839833)0.15:0.07428611918466975)1:0.2655371803121577)0:0.04748169986273744)1:0.3747948750498705)1:0.626671805099933)1:0.1858824808939674));
Weight calculation took 13.773497614 secs
ASTRAL finished in 14.833 secs
